Logfile initialized
[INFO] logfile = C:\TitaniumProject\Test4\build.log
[DEBUG] C:\Users\yoshiki\AppData\Roaming\Titanium\mobilesdk\win32\2.1.4.GA\android\builder.py simulator Test4 C:\Android C:\TitaniumProject\Test4 com.example.Test4 14 WVGA854
[INFO] Building Test4 for Android ... one moment
[INFO] Titanium SDK version: 2.1.4 (11/09/12 12:46 51f2c64)
[DEBUG] Waiting for device to be ready ...
[TRACE] adb devices returned 1 devices/emulators
[TRACE] adb devices returned 1 devices/emulators
[TRACE] adb devices returned 1 devices/emulators
[TRACE] adb devices returned 1 devices/emulators
[DEBUG] Device connected... (waited 15 seconds)
[DEBUG] waited 15.062000 seconds on emulator to get ready
[INFO] Waiting for the Android Emulator to become available
[DEBUG] com.example.Test4 installed? True
[INFO] Fastdev server running, deploying in Fastdev mode
[INFO] Copying CommonJS modules...
[INFO] Copying project resources..
[TRACE] COPYING MODIFIED FILE: C:\TitaniumProject\Test4\Resources\app.js => C:\TitaniumProject\Test4\build\android\bin\assets\Resources\app.js
[INFO] Tiapp.xml unchanged, skipping class generation
[DEBUG] Processing Android resource drawables
[DEBUG] found special platform files dir = C:\TitaniumProject\Test4\platform\android
[INFO] Copying platform-specific files ...
[DEBUG] found drawable-long-land-hdpi splash screen at C:\TitaniumProject\Test4\Resources\android\images\res-long-land-hdpi\default.png
[DEBUG] found drawable-long-land-ldpi splash screen at C:\TitaniumProject\Test4\Resources\android\images\res-long-land-ldpi\default.png
[DEBUG] found drawable-long-port-hdpi splash screen at C:\TitaniumProject\Test4\Resources\android\images\res-long-port-hdpi\default.png
[DEBUG] found drawable-long-port-ldpi splash screen at C:\TitaniumProject\Test4\Resources\android\images\res-long-port-ldpi\default.png
[DEBUG] found drawable-notlong-land-hdpi splash screen at C:\TitaniumProject\Test4\Resources\android\images\res-notlong-land-hdpi\default.png
[DEBUG] found drawable-notlong-land-ldpi splash screen at C:\TitaniumProject\Test4\Resources\android\images\res-notlong-land-ldpi\default.png
[DEBUG] found drawable-notlong-land-mdpi splash screen at C:\TitaniumProject\Test4\Resources\android\images\res-notlong-land-mdpi\default.png
[DEBUG] found drawable-notlong-port-hdpi splash screen at C:\TitaniumProject\Test4\Resources\android\images\res-notlong-port-hdpi\default.png
[DEBUG] found drawable-notlong-port-ldpi splash screen at C:\TitaniumProject\Test4\Resources\android\images\res-notlong-port-ldpi\default.png
[DEBUG] found drawable-notlong-port-mdpi splash screen at C:\TitaniumProject\Test4\Resources\android\images\res-notlong-port-mdpi\default.png
[DEBUG] Added 'screenSize' to <activity android:configChanges> because targeted api level 14 is >= 13
[INFO] Waiting for SDCard to become available..
[INFO] Re-launching application ... Test4
[INFO] Launching application ... Test4
[TRACE] Launch output: Starting: Intent { act=android.intent.action.MAIN cat=[android.intent.category.LAUNCHER] flg=0x10200000 cmp=com.example.Test4/.Test4Activity }

